<?xml version="1.0" encoding="UTF-8"?>
<testsuite name="loginpractice.domain.LoginServiceTest" tests="1" skipped="0" failures="0" errors="0" timestamp="2021-12-31T14:04:55" hostname="DESKTOP-K609E9R" time="0.165">
  <properties/>
  <testcase name="login()" classname="loginpractice.domain.LoginServiceTest" time="0.165"/>
  <system-out><![CDATA[23:04:55.079 [Test worker] INFO loginpractice.domain.member.MemoryMemberRepository - save: memberMember(id=1, loginId=test123, loginPw=Test123!, name=null)
]]></system-out>
  <system-err><![CDATA[]]></system-err>
</testsuite>
